[23:08:45] [main/WARN]: Potentially Dangerous alternative prefix `agriculture` for name `apple_cinnamon_cookie`, expected `minecraft`. This could be a intended override, but in most cases indicates a broken mod.
[23:08:45] [main/WARN]: Potentially Dangerous alternative prefix `agriculture` for name `apple_cinnamon_cookie_burned`, expected `minecraft`. This could be a intended override, but in most cases indicates a broken mod.
[23:08:45] [main/WARN]: Potentially Dangerous alternative prefix `agriculture` for name `apple_cinnamon_cookie_dough`, expected `minecraft`. This could be a intended override, but in most cases indicates a broken mod.
[23:08:45] [main/WARN]: Potentially Dangerous alternative prefix `agriculture` for name `apple_jelly`, expected `minecraft`. This could be a intended override, but in most cases indicates a broken mod.
[23:08:45] [main/WARN]: Potentially Dangerous alternative prefix `agriculture` for name `apple_jelly_toast`, expected `minecraft`. This could be a intended override, but in most cases indicates a broken mod.
[23:08:45] [main/WARN]: Potentially Dangerous alternative prefix `agriculture` for name `apple_mush`, expected `minecraft`. This could be a intended override, but in most cases indicates a broken mod.
[23:08:45] [main/WARN]: Potentially Dangerous alternative prefix `agriculture` for name `apple_pie`, expected `minecraft`. This could be a intended override, but in most cases indicates a broken mod.
[23:08:45] [main/WARN]: Potentially Dangerous alternative prefix `agriculture` for name `apple_pie_burned`, expected `minecraft`. This could be a intended override, but in most cases indicates a broken mod.
[23:08:45] [main/WARN]: Potentially Dangerous alternative prefix `agriculture` for name `bacon`, expected `minecraft`. This could be a intended override, but in most cases indicates a broken mod.
[23:08:45] [main/WARN]: Potentially Dangerous alternative prefix `agriculture` for name `bacon_burned`, expected `minecraft`. This could be a intended override, but in most cases indicates a broken mod.
[23:08:45] [main/WARN]: Potentially Dangerous alternative prefix `agriculture` for name `bacon_cheeseburger`, expected `minecraft`. This could be a intended override, but in most cases indicates a broken mod.
[23:08:45] [main/WARN]: Potentially Dangerous alternative prefix `agriculture` for name `bacon_cheese_fries`, expected `minecraft`. This could be a intended override, but in most cases indicates a broken mod.
[23:08:45] [main/WARN]: Potentially Dangerous alternative prefix `agriculture` for name `bacon_cheesy_potatoes`, expected `minecraft`. This could be a intended override, but in most cases indicates a broken mod.
[23:08:45] [main/WARN]: Potentially Dangerous alternative prefix `agriculture` for name `batter`, expected `minecraft`. This could be a intended override, but in most cases indicates a broken mod.
[23:08:45] [main/WARN]: Potentially Dangerous alternative prefix `agriculture` for name `beef_jerkey`, expected `minecraft`. This could be a intended override, but in most cases indicates a broken mod.
[23:08:45] [main/WARN]: Potentially Dangerous alternative prefix `agriculture` for name `beef_jerkey_burned`, expected `minecraft`. This could be a intended override, but in most cases indicates a broken mod.
[23:08:45] [main/WARN]: Potentially Dangerous alternative prefix `agriculture` for name `beer`, expected `minecraft`. This could be a intended override, but in most cases indicates a broken mod.
[23:08:45] [main/WARN]: Potentially Dangerous alternative prefix `agriculture` for name `bowl_of_raw_pasta`, expected `minecraft`. This could be a intended override, but in most cases indicates a broken mod.
[23:08:45] [main/WARN]: Potentially Dangerous alternative prefix `agriculture` for name `breaded_chicken`, expected `minecraft`. This could be a intended override, but in most cases indicates a broken mod.
[23:08:45] [main/WARN]: Potentially Dangerous alternative prefix `agriculture` for name `bread_crumbs`, expected `minecraft`. This could be a intended override, but in most cases indicates a broken mod.
[23:08:45] [main/WARN]: Potentially Dangerous alternative prefix `agriculture` for name `butter`, expected `minecraft`. This could be a intended override, but in most cases indicates a broken mod.
[23:08:45] [main/WARN]: Potentially Dangerous alternative prefix `agriculture` for name `buttered_toast`, expected `minecraft`. This could be a intended override, but in most cases indicates a broken mod.
[23:08:45] [main/WARN]: Potentially Dangerous alternative prefix `agriculture` for name `butter_cookie`, expected `minecraft`. This could be a intended override, but in most cases indicates a broken mod.
[23:08:45] [main/WARN]: Potentially Dangerous alternative prefix `agriculture` for name `butter_cookie_burned`, expected `minecraft`. This could be a intended override, but in most cases indicates a broken mod.
[23:08:45] [main/WARN]: Potentially Dangerous alternative prefix `agriculture` for name `butter_cookie_dough`, expected `minecraft`. This could be a intended override, but in most cases indicates a broken mod.
[23:08:45] [main/WARN]: Potentially Dangerous alternative prefix `agriculture` for name `candied_apple`, expected `minecraft`. This could be a intended override, but in most cases indicates a broken mod.
[23:08:45] [main/WARN]: Potentially Dangerous alternative prefix `agriculture` for name `caramel`, expected `minecraft`. This could be a intended override, but in most cases indicates a broken mod.
[23:08:45] [main/WARN]: Potentially Dangerous alternative prefix `agriculture` for name `caramel_apple`, expected `minecraft`. This could be a intended override, but in most cases indicates a broken mod.
[23:08:45] [main/WARN]: Potentially Dangerous alternative prefix `agriculture` for name `caramel_apple_with_nuts`, expected `minecraft`. This could be a intended override, but in most cases indicates a broken mod.
[23:08:45] [main/WARN]: Potentially Dangerous alternative prefix `agriculture` for name `caramel_burned`, expected `minecraft`. This could be a intended override, but in most cases indicates a broken mod.
[23:08:45] [main/WARN]: Potentially Dangerous alternative prefix `agriculture` for name `carrot_cake`, expected `minecraft`. This could be a intended override, but in most cases indicates a broken mod.
[23:08:45] [main/WARN]: Potentially Dangerous alternative prefix `agriculture` for name `carrot_cake_batter`, expected `minecraft`. This could be a intended override, but in most cases indicates a broken mod.
[23:08:45] [main/WARN]: Potentially Dangerous alternative prefix `agriculture` for name `carrot_cake_burned`, expected `minecraft`. This could be a intended override, but in most cases indicates a broken mod.
[23:08:45] [main/WARN]: Potentially Dangerous alternative prefix `agriculture` for name `cheese`, expected `minecraft`. This could be a intended override, but in most cases indicates a broken mod.
[23:08:45] [main/WARN]: Potentially Dangerous alternative prefix `agriculture` for name `cheeseburger`, expected `minecraft`. This could be a intended override, but in most cases indicates a broken mod.
[23:08:45] [main/WARN]: Potentially Dangerous alternative prefix `agriculture` for name `cheese_fries`, expected `minecraft`. This could be a intended override, but in most cases indicates a broken mod.
[23:08:45] [main/WARN]: Potentially Dangerous alternative prefix `agriculture` for name `cheese_sandwich`, expected `minecraft`. This could be a intended override, but in most cases indicates a broken mod.
[23:08:45] [main/WARN]: Potentially Dangerous alternative prefix `agriculture` for name `cheesy_potatoes`, expected `minecraft`. This could be a intended override, but in most cases indicates a broken mod.
[23:08:45] [main/WARN]: Potentially Dangerous alternative prefix `agriculture` for name `chicken_nuggets`, expected `minecraft`. This could be a intended override, but in most cases indicates a broken mod.
[23:08:45] [main/WARN]: Potentially Dangerous alternative prefix `agriculture` for name `chocolate`, expected `minecraft`. This could be a intended override, but in most cases indicates a broken mod.
[23:08:45] [main/WARN]: Potentially Dangerous alternative prefix `agriculture` for name `chocolate_chip_cookie`, expected `minecraft`. This could be a intended override, but in most cases indicates a broken mod.
[23:08:45] [main/WARN]: Potentially Dangerous alternative prefix `agriculture` for name `chocolate_chip_cookie_burned`, expected `minecraft`. This could be a intended override, but in most cases indicates a broken mod.
[23:08:45] [main/WARN]: Potentially Dangerous alternative prefix `agriculture` for name `chocolate_chip_cookie_dough`, expected `minecraft`. This could be a intended override, but in most cases indicates a broken mod.
[23:08:45] [main/WARN]: Potentially Dangerous alternative prefix `agriculture` for name `chocolate_covered_strawberries`, expected `minecraft`. This could be a intended override, but in most cases indicates a broken mod.
[23:08:45] [main/WARN]: Potentially Dangerous alternative prefix `agriculture` for name `chocolate_ice_cream`, expected `minecraft`. This could be a intended override, but in most cases indicates a broken mod.
[23:08:45] [main/WARN]: Potentially Dangerous alternative prefix `agriculture` for name `chocolate_ice_cream_chocolate_sauce`, expected `minecraft`. This could be a intended override, but in most cases indicates a broken mod.
[23:08:45] [main/WARN]: Potentially Dangerous alternative prefix `agriculture` for name `chocolate_ice_cream_mix`, expected `minecraft`. This could be a intended override, but in most cases indicates a broken mod.
[23:08:45] [main/WARN]: Potentially Dangerous alternative prefix `agriculture` for name `chocolate_sauce`, expected `minecraft`. This could be a intended override, but in most cases indicates a broken mod.
[23:08:45] [main/WARN]: Potentially Dangerous alternative prefix `agriculture` for name `chocolate_sauce_burned`, expected `minecraft`. This could be a intended override, but in most cases indicates a broken mod.
[23:08:45] [main/WARN]: Potentially Dangerous alternative prefix `agriculture` for name `cinnamon`, expected `minecraft`. This could be a intended override, but in most cases indicates a broken mod.
[23:08:45] [main/WARN]: Potentially Dangerous alternative prefix `agriculture` for name `cinnamon_and_sugar`, expected `minecraft`. This could be a intended override, but in most cases indicates a broken mod.
[23:08:45] [main/WARN]: Potentially Dangerous alternative prefix `agriculture` for name `cinnamon_toast`, expected `minecraft`. This could be a intended override, but in most cases indicates a broken mod.
[23:08:45] [main/WARN]: Potentially Dangerous alternative prefix `agriculture` for name `cooking_oil`, expected `minecraft`. This could be a intended override, but in most cases indicates a broken mod.
[23:08:45] [main/WARN]: Potentially Dangerous alternative prefix `agriculture` for name `crushed_peanuts`, expected `minecraft`. This could be a intended override, but in most cases indicates a broken mod.
[23:08:45] [main/WARN]: Potentially Dangerous alternative prefix `agriculture` for name `deluxe_hot_cocoa`, expected `minecraft`. This could be a intended override, but in most cases indicates a broken mod.
[23:08:45] [main/WARN]: Potentially Dangerous alternative prefix `agriculture` for name `diced_potatoes`, expected `minecraft`. This could be a intended override, but in most cases indicates a broken mod.
[23:08:45] [main/WARN]: Potentially Dangerous alternative prefix `agriculture` for name `double_bacon_cheeseburger`, expected `minecraft`. This could be a intended override, but in most cases indicates a broken mod.
[23:08:45] [main/WARN]: Potentially Dangerous alternative prefix `agriculture` for name `dough`, expected `minecraft`. This could be a intended override, but in most cases indicates a broken mod.
[23:08:45] [main/WARN]: Potentially Dangerous alternative prefix `agriculture` for name `flour`, expected `minecraft`. This could be a intended override, but in most cases indicates a broken mod.
[23:08:45] [main/WARN]: Potentially Dangerous alternative prefix `agriculture` for name `french_fries`, expected `minecraft`. This could be a intended override, but in most cases indicates a broken mod.
[23:08:45] [main/WARN]: Potentially Dangerous alternative prefix `agriculture` for name `french_toast`, expected `minecraft`. This could be a intended override, but in most cases indicates a broken mod.
[23:08:45] [main/WARN]: Potentially Dangerous alternative prefix `agriculture` for name `french_toast_burned`, expected `minecraft`. This could be a intended override, but in most cases indicates a broken mod.
[23:08:45] [main/WARN]: Potentially Dangerous alternative prefix `agriculture` for name `fried_chicken`, expected `minecraft`. This could be a intended override, but in most cases indicates a broken mod.
[23:08:45] [main/WARN]: Potentially Dangerous alternative prefix `agriculture` for name `gelatin`, expected `minecraft`. This could be a intended override, but in most cases indicates a broken mod.
[23:08:45] [main/WARN]: Potentially Dangerous alternative prefix `agriculture` for name `grilled_cheese`, expected `minecraft`. This could be a intended override, but in most cases indicates a broken mod.
[23:08:45] [main/WARN]: Potentially Dangerous alternative prefix `agriculture` for name `grilled_cheese_burned`, expected `minecraft`. This could be a intended override, but in most cases indicates a broken mod.
[23:08:45] [main/WARN]: Potentially Dangerous alternative prefix `agriculture` for name `ground_beef`, expected `minecraft`. This could be a intended override, but in most cases indicates a broken mod.
[23:08:45] [main/WARN]: Potentially Dangerous alternative prefix `agriculture` for name `ground_chicken`, expected `minecraft`. This could be a intended override, but in most cases indicates a broken mod.
[23:08:45] [main/WARN]: Potentially Dangerous alternative prefix `agriculture` for name `ground_cinnamon`, expected `minecraft`. This could be a intended override, but in most cases indicates a broken mod.
[23:08:45] [main/WARN]: Potentially Dangerous alternative prefix `agriculture` for name `ground_pork`, expected `minecraft`. This could be a intended override, but in most cases indicates a broken mod.
[23:08:45] [main/WARN]: Potentially Dangerous alternative prefix `agriculture` for name `hamburger`, expected `minecraft`. This could be a intended override, but in most cases indicates a broken mod.
[23:08:45] [main/WARN]: Potentially Dangerous alternative prefix `agriculture` for name `hamburger_patty`, expected `minecraft`. This could be a intended override, but in most cases indicates a broken mod.
[23:08:45] [main/WARN]: Potentially Dangerous alternative prefix `agriculture` for name `hamburger_patty_burned`, expected `minecraft`. This could be a intended override, but in most cases indicates a broken mod.
[23:08:45] [main/WARN]: Potentially Dangerous alternative prefix `agriculture` for name `hot_cocoa`, expected `minecraft`. This could be a intended override, but in most cases indicates a broken mod.
[23:08:45] [main/WARN]: Potentially Dangerous alternative prefix `agriculture` for name `ice_cream_mix`, expected `minecraft`. This could be a intended override, but in most cases indicates a broken mod.
[23:08:45] [main/WARN]: Potentially Dangerous alternative prefix `agriculture` for name `loaf_of_bread`, expected `minecraft`. This could be a intended override, but in most cases indicates a broken mod.
[23:08:45] [main/WARN]: Potentially Dangerous alternative prefix `agriculture` for name `loaf_of_bread_burned`, expected `minecraft`. This could be a intended override, but in most cases indicates a broken mod.
[23:08:45] [main/WARN]: Potentially Dangerous alternative prefix `agriculture` for name `macaroni_and_cheese`, expected `minecraft`. This could be a intended override, but in most cases indicates a broken mod.
[23:08:45] [main/WARN]: Potentially Dangerous alternative prefix `agriculture` for name `marshmellows`, expected `minecraft`. This could be a intended override, but in most cases indicates a broken mod.
[23:08:45] [main/WARN]: Potentially Dangerous alternative prefix `agriculture` for name `mashed_potatos`, expected `minecraft`. This could be a intended override, but in most cases indicates a broken mod.
[23:08:45] [main/WARN]: Potentially Dangerous alternative prefix `agriculture` for name `milk`, expected `minecraft`. This could be a intended override, but in most cases indicates a broken mod.
[23:08:45] [main/WARN]: Potentially Dangerous alternative prefix `agriculture` for name `pasta`, expected `minecraft`. This could be a intended override, but in most cases indicates a broken mod.
[23:08:45] [main/WARN]: Potentially Dangerous alternative prefix `agriculture` for name `pasta_burned`, expected `minecraft`. This could be a intended override, but in most cases indicates a broken mod.
[23:08:45] [main/WARN]: Potentially Dangerous alternative prefix `agriculture` for name `pasta_dough`, expected `minecraft`. This could be a intended override, but in most cases indicates a broken mod.
[23:08:45] [main/WARN]: Potentially Dangerous alternative prefix `agriculture` for name `pbj_sandwich_apple`, expected `minecraft`. This could be a intended override, but in most cases indicates a broken mod.
[23:08:45] [main/WARN]: Potentially Dangerous alternative prefix `agriculture` for name `pbj_sandwich_strawberry`, expected `minecraft`. This could be a intended override, but in most cases indicates a broken mod.
[23:08:45] [main/WARN]: Potentially Dangerous alternative prefix `agriculture` for name `pbj_sandwitch_strawberry`, expected `minecraft`. This could be a intended override, but in most cases indicates a broken mod.
[23:08:45] [main/WARN]: Potentially Dangerous alternative prefix `agriculture` for name `pb_sandwich`, expected `minecraft`. This could be a intended override, but in most cases indicates a broken mod.
[23:08:45] [main/WARN]: Potentially Dangerous alternative prefix `agriculture` for name `peanuts`, expected `minecraft`. This could be a intended override, but in most cases indicates a broken mod.
[23:08:45] [main/WARN]: Potentially Dangerous alternative prefix `agriculture` for name `peanut_butter`, expected `minecraft`. This could be a intended override, but in most cases indicates a broken mod.
[23:08:45] [main/WARN]: Potentially Dangerous alternative prefix `agriculture` for name `peanut_butter_cookie`, expected `minecraft`. This could be a intended override, but in most cases indicates a broken mod.
[23:08:45] [main/WARN]: Potentially Dangerous alternative prefix `agriculture` for name `peanut_butter_cookie_burned`, expected `minecraft`. This could be a intended override, but in most cases indicates a broken mod.
[23:08:45] [main/WARN]: Potentially Dangerous alternative prefix `agriculture` for name `peanut_butter_cookie_dough`, expected `minecraft`. This could be a intended override, but in most cases indicates a broken mod.
[23:08:45] [main/WARN]: Potentially Dangerous alternative prefix `agriculture` for name `pumpkin_cookie`, expected `minecraft`. This could be a intended override, but in most cases indicates a broken mod.
[23:08:45] [main/WARN]: Potentially Dangerous alternative prefix `agriculture` for name `pumpkin_cookie_burned`, expected `minecraft`. This could be a intended override, but in most cases indicates a broken mod.
[23:08:45] [main/WARN]: Potentially Dangerous alternative prefix `agriculture` for name `pumpkin_cookie_dough`, expected `minecraft`. This could be a intended override, but in most cases indicates a broken mod.
[23:08:45] [main/WARN]: Potentially Dangerous alternative prefix `agriculture` for name `raw_apple_pie`, expected `minecraft`. This could be a intended override, but in most cases indicates a broken mod.
[23:08:45] [main/WARN]: Potentially Dangerous alternative prefix `agriculture` for name `raw_chicken_nuggets`, expected `minecraft`. This could be a intended override, but in most cases indicates a broken mod.
[23:08:45] [main/WARN]: Potentially Dangerous alternative prefix `agriculture` for name `raw_french_toast`, expected `minecraft`. This could be a intended override, but in most cases indicates a broken mod.
[23:08:45] [main/WARN]: Potentially Dangerous alternative prefix `agriculture` for name `raw_hamburger_patty`, expected `minecraft`. This could be a intended override, but in most cases indicates a broken mod.
[23:08:45] [main/WARN]: Potentially Dangerous alternative prefix `agriculture` for name `raw_strawberry_pie`, expected `minecraft`. This could be a intended override, but in most cases indicates a broken mod.
[23:08:45] [main/WARN]: Potentially Dangerous alternative prefix `agriculture` for name `roasted_marshmellows`, expected `minecraft`. This could be a intended override, but in most cases indicates a broken mod.
[23:08:45] [main/WARN]: Potentially Dangerous alternative prefix `agriculture` for name `roasted_marshmellows_burned`, expected `minecraft`. This could be a intended override, but in most cases indicates a broken mod.
[23:08:45] [main/WARN]: Potentially Dangerous alternative prefix `agriculture` for name `roasted_peanuts`, expected `minecraft`. This could be a intended override, but in most cases indicates a broken mod.
[23:08:45] [main/WARN]: Potentially Dangerous alternative prefix `agriculture` for name `roasted_peanuts_burned`, expected `minecraft`. This could be a intended override, but in most cases indicates a broken mod.
[23:08:45] [main/WARN]: Potentially Dangerous alternative prefix `agriculture` for name `salt`, expected `minecraft`. This could be a intended override, but in most cases indicates a broken mod.
[23:08:45] [main/WARN]: Potentially Dangerous alternative prefix `agriculture` for name `salted_beef`, expected `minecraft`. This could be a intended override, but in most cases indicates a broken mod.
[23:08:45] [main/WARN]: Potentially Dangerous alternative prefix `agriculture` for name `salted_pork`, expected `minecraft`. This could be a intended override, but in most cases indicates a broken mod.
[23:08:45] [main/WARN]: Potentially Dangerous alternative prefix `agriculture` for name `shortcake`, expected `minecraft`. This could be a intended override, but in most cases indicates a broken mod.
[23:08:45] [main/WARN]: Potentially Dangerous alternative prefix `agriculture` for name `shortcake_burned`, expected `minecraft`. This could be a intended override, but in most cases indicates a broken mod.
[23:08:45] [main/WARN]: Potentially Dangerous alternative prefix `agriculture` for name `slice_of_bread`, expected `minecraft`. This could be a intended override, but in most cases indicates a broken mod.
[23:08:45] [main/WARN]: Potentially Dangerous alternative prefix `agriculture` for name `slice_of_cheese`, expected `minecraft`. This could be a intended override, but in most cases indicates a broken mod.
[23:08:45] [main/WARN]: Potentially Dangerous alternative prefix `agriculture` for name `snicker_doodle`, expected `minecraft`. This could be a intended override, but in most cases indicates a broken mod.
[23:08:45] [main/WARN]: Potentially Dangerous alternative prefix `agriculture` for name `snicker_doodle_burned`, expected `minecraft`. This could be a intended override, but in most cases indicates a broken mod.
[23:08:45] [main/WARN]: Potentially Dangerous alternative prefix `agriculture` for name `snicker_doodle_dough`, expected `minecraft`. This could be a intended override, but in most cases indicates a broken mod.
[23:08:45] [main/WARN]: Potentially Dangerous alternative prefix `agriculture` for name `strawberry`, expected `minecraft`. This could be a intended override, but in most cases indicates a broken mod.
[23:08:45] [main/WARN]: Potentially Dangerous alternative prefix `agriculture` for name `strawberry_gelatin`, expected `minecraft`. This could be a intended override, but in most cases indicates a broken mod.
[23:08:45] [main/WARN]: Potentially Dangerous alternative prefix `agriculture` for name `strawberry_ice_cream`, expected `minecraft`. This could be a intended override, but in most cases indicates a broken mod.
[23:08:45] [main/WARN]: Potentially Dangerous alternative prefix `agriculture` for name `strawberry_ice_cream_chocolate_sauce`, expected `minecraft`. This could be a intended override, but in most cases indicates a broken mod.
[23:08:45] [main/WARN]: Potentially Dangerous alternative prefix `agriculture` for name `strawberry_ice_cream_mix`, expected `minecraft`. This could be a intended override, but in most cases indicates a broken mod.
[23:08:45] [main/WARN]: Potentially Dangerous alternative prefix `agriculture` for name `strawberry_jelly`, expected `minecraft`. This could be a intended override, but in most cases indicates a broken mod.
[23:08:45] [main/WARN]: Potentially Dangerous alternative prefix `agriculture` for name `strawberry_jelly_cookie`, expected `minecraft`. This could be a intended override, but in most cases indicates a broken mod.
[23:08:45] [main/WARN]: Potentially Dangerous alternative prefix `agriculture` for name `strawberry_jelly_cookie_burned`, expected `minecraft`. This could be a intended override, but in most cases indicates a broken mod.
[23:08:45] [main/WARN]: Potentially Dangerous alternative prefix `agriculture` for name `strawberry_jelly_cookie_dough`, expected `minecraft`. This could be a intended override, but in most cases indicates a broken mod.
[23:08:45] [main/WARN]: Potentially Dangerous alternative prefix `agriculture` for name `strawberry_jelly_toast`, expected `minecraft`. This could be a intended override, but in most cases indicates a broken mod.
[23:08:45] [main/WARN]: Potentially Dangerous alternative prefix `agriculture` for name `strawberry_mush`, expected `minecraft`. This could be a intended override, but in most cases indicates a broken mod.
[23:08:45] [main/WARN]: Potentially Dangerous alternative prefix `agriculture` for name `strawberry_pie`, expected `minecraft`. This could be a intended override, but in most cases indicates a broken mod.
[23:08:45] [main/WARN]: Potentially Dangerous alternative prefix `agriculture` for name `strawberry_pie_burned`, expected `minecraft`. This could be a intended override, but in most cases indicates a broken mod.
[23:08:45] [main/WARN]: Potentially Dangerous alternative prefix `agriculture` for name `strawberry_shortcake`, expected `minecraft`. This could be a intended override, but in most cases indicates a broken mod.
[23:08:45] [main/WARN]: Potentially Dangerous alternative prefix `agriculture` for name `strawberry_toast`, expected `minecraft`. This could be a intended override, but in most cases indicates a broken mod.
[23:08:45] [main/WARN]: Potentially Dangerous alternative prefix `agriculture` for name `sugar_cookie`, expected `minecraft`. This could be a intended override, but in most cases indicates a broken mod.
[23:08:45] [main/WARN]: Potentially Dangerous alternative prefix `agriculture` for name `sugar_cookie_burned`, expected `minecraft`. This could be a intended override, but in most cases indicates a broken mod.
[23:08:45] [main/WARN]: Potentially Dangerous alternative prefix `agriculture` for name `sugar_cookie_dough`, expected `minecraft`. This could be a intended override, but in most cases indicates a broken mod.
[23:08:45] [main/WARN]: Potentially Dangerous alternative prefix `agriculture` for name `toast`, expected `minecraft`. This could be a intended override, but in most cases indicates a broken mod.
[23:08:45] [main/WARN]: Potentially Dangerous alternative prefix `agriculture` for name `toasted_marshmellows`, expected `minecraft`. This could be a intended override, but in most cases indicates a broken mod.
[23:08:45] [main/WARN]: Potentially Dangerous alternative prefix `agriculture` for name `toasted_pbj_sandwich_apple`, expected `minecraft`. This could be a intended override, but in most cases indicates a broken mod.
[23:08:45] [main/WARN]: Potentially Dangerous alternative prefix `agriculture` for name `toasted_pbj_sandwich_apple_burned`, expected `minecraft`. This could be a intended override, but in most cases indicates a broken mod.
[23:08:45] [main/WARN]: Potentially Dangerous alternative prefix `agriculture` for name `toasted_pbj_sandwich_strawberry`, expected `minecraft`. This could be a intended override, but in most cases indicates a broken mod.
[23:08:45] [main/WARN]: Potentially Dangerous alternative prefix `agriculture` for name `toasted_pbj_sandwich_strawberry_burned`, expected `minecraft`. This could be a intended override, but in most cases indicates a broken mod.
[23:08:45] [main/WARN]: Potentially Dangerous alternative prefix `agriculture` for name `toasted_pb_sandwich`, expected `minecraft`. This could be a intended override, but in most cases indicates a broken mod.
[23:08:45] [main/WARN]: Potentially Dangerous alternative prefix `agriculture` for name `toasted_pb_sandwich_burned`, expected `minecraft`. This could be a intended override, but in most cases indicates a broken mod.
[23:08:45] [main/WARN]: Potentially Dangerous alternative prefix `agriculture` for name `toast_burned`, expected `minecraft`. This could be a intended override, but in most cases indicates a broken mod.
[23:08:45] [main/WARN]: Potentially Dangerous alternative prefix `agriculture` for name `vanilla`, expected `minecraft`. This could be a intended override, but in most cases indicates a broken mod.
[23:08:45] [main/WARN]: Potentially Dangerous alternative prefix `agriculture` for name `vanilla_ice_cream`, expected `minecraft`. This could be a intended override, but in most cases indicates a broken mod.
[23:08:45] [main/WARN]: Potentially Dangerous alternative prefix `agriculture` for name `vanilla_ice_cream_chocolate_sauce`, expected `minecraft`. This could be a intended override, but in most cases indicates a broken mod.
[23:08:45] [main/WARN]: Potentially Dangerous alternative prefix `agriculture` for name `vanilla_ice_cream_mix`, expected `minecraft`. This could be a intended override, but in most cases indicates a broken mod.
[23:08:45] [main/WARN]: Potentially Dangerous alternative prefix `agriculture` for name `vinegar`, expected `minecraft`. This could be a intended override, but in most cases indicates a broken mod.
[23:08:45] [main/WARN]: Potentially Dangerous alternative prefix `agriculture` for name `water`, expected `minecraft`. This could be a intended override, but in most cases indicates a broken mod.
[23:08:45] [main/WARN]: Potentially Dangerous alternative prefix `agriculture` for name `whipped_cream`, expected `minecraft`. This could be a intended override, but in most cases indicates a broken mod.
